[2018-06-09 11:29:53.509] [INFO] resLogger - 
*************** response log start ***************
request method: POST
request originalUrl:  /user/login
request client ip:  ::ffff:101.75.128.83
request body: 
{"phone":"15032393870","password":"123456"}
response time: 51
response status: 200
response body: 
{"err_code":0,"msg":"success","res":{"token":"eyJhbGciOiJIUzI1NiIsInR5cCI6IkpXVCJ9.eyJkYXRhIjp7InBob25lIjoiMTUwMzIzOTM4NzAiLCJwYXNzd29yZCI6IjEyMzQ1NiJ9LCJleHAiOjE1MzExMDY5OTMsImlhdCI6MTUyODUxNDk5M30.M9rtYUkn5_ASyb35NbhOTuxp-_CzZS8YCJ7MFBU9SYU"}}
*************** response log end ***************

[2018-06-09 11:29:55.597] [INFO] resLogger - 
*************** response log start ***************
request method: POST
request originalUrl:  /user/login
request client ip:  ::ffff:101.75.128.83
request body: 
{"phone":"15032393870","password":"123456"}
response time: 53
response status: 200
response body: 
{"err_code":0,"msg":"success","res":{"token":"eyJhbGciOiJIUzI1NiIsInR5cCI6IkpXVCJ9.eyJkYXRhIjp7InBob25lIjoiMTUwMzIzOTM4NzAiLCJwYXNzd29yZCI6IjEyMzQ1NiJ9LCJleHAiOjE1MzExMDY5OTUsImlhdCI6MTUyODUxNDk5NX0.dZVsx4vDU0fzrJrqmsItTW8tV8K5EbOAuW-qy4jxJwc"}}
*************** response log end ***************

[2018-06-09 11:34:45.320] [INFO] resLogger - 
*************** response log start ***************
request method: POST
request originalUrl:  /user/getDeviceImage
request client ip:  ::ffff:101.75.128.83
request body: 
{"device_id":1,"page_size":5,"page_num":1}
response time: 31
response status: 200
response body: 
{"err_code":0,"msg":"success","res":[{"image_url":"http://120.25.199.214:3001/images/1523895285649.jpg","create_time":"2018-04-18T16:03:08.000Z"},{"image_url":"http://120.25.199.214:3001/images/1523895285649.jpg","create_time":"2018-04-16T16:36:35.000Z"},{"image_url":"http://120.25.199.214:3001/images/1523895285649.jpg","create_time":"2018-04-16T16:36:01.000Z"},{"image_url":"http://120.25.199.214:3001/images/1523895285649.jpg","create_time":"2018-04-16T16:35:48.000Z"},{"image_url":"http://120.25.199.214:3001/images/1523895285649.jpg","create_time":"2018-04-16T16:35:25.000Z"}]}
*************** response log end ***************

[2018-06-09 11:34:52.080] [INFO] resLogger - 
*************** response log start ***************
request method: POST
request originalUrl:  /user/getDeviceImage
request client ip:  ::ffff:101.75.128.83
request body: 
{"device_id":1,"page_size":3,"page_num":1}
response time: 33
response status: 200
response body: 
{"err_code":0,"msg":"success","res":[{"image_url":"http://120.25.199.214:3001/images/1523895285649.jpg","create_time":"2018-04-18T16:03:08.000Z"},{"image_url":"http://120.25.199.214:3001/images/1523895285649.jpg","create_time":"2018-04-16T16:36:35.000Z"},{"image_url":"http://120.25.199.214:3001/images/1523895285649.jpg","create_time":"2018-04-16T16:36:01.000Z"}]}
*************** response log end ***************

[2018-06-09 11:35:05.005] [INFO] resLogger - 
*************** response log start ***************
request method: POST
request originalUrl:  /user/getDeviceImage
request client ip:  ::ffff:101.75.128.83
request body: 
{"device_id":1,"page_size":5,"page_num":1}
response time: 44
response status: 200
response body: 
{"err_code":0,"msg":"success","res":[{"image_url":"http://120.25.199.214:3001/images/1523895285649.jpg","create_time":"2018-04-18T16:03:08.000Z"},{"image_url":"http://120.25.199.214:3001/images/1523895285649.jpg","create_time":"2018-04-16T16:36:35.000Z"},{"image_url":"http://120.25.199.214:3001/images/1523895285649.jpg","create_time":"2018-04-16T16:36:01.000Z"},{"image_url":"http://120.25.199.214:3001/images/1523895285649.jpg","create_time":"2018-04-16T16:35:48.000Z"},{"image_url":"http://120.25.199.214:3001/images/1523895285649.jpg","create_time":"2018-04-16T16:35:25.000Z"}]}
*************** response log end ***************

[2018-06-09 11:40:22.290] [INFO] resLogger - 
*************** response log start ***************
request method: POST
request originalUrl:  /user/login
request client ip:  ::ffff:101.28.124.19
request body: 
{"phone":"15033508889","password":"123456"}
response time: 51
response status: 200
response body: 
{"err_code":0,"msg":"success","res":{"token":"eyJhbGciOiJIUzI1NiIsInR5cCI6IkpXVCJ9.eyJkYXRhIjp7InBob25lIjoiMTUwMzM1MDg4ODkiLCJwYXNzd29yZCI6IjEyMzQ1NiJ9LCJleHAiOjE1MzExMDc2MjIsImlhdCI6MTUyODUxNTYyMn0.lZzF_Hmjm6K5WRUNks3AmFtiOmfq6FzRjxX2n-OFjFc"}}
*************** response log end ***************

[2018-06-09 11:42:49.546] [INFO] resLogger - 
*************** response log start ***************
request method: POST
request originalUrl:  /user/registerDevice
request client ip:  ::ffff:101.28.124.19
request body: 
{"device_id":"1"}
response time: 73
response status: 200
response body: 
{"err_code":0,"msg":"success"}
*************** response log end ***************

[2018-06-09 11:43:52.062] [INFO] resLogger - 
*************** response log start ***************
request method: POST
request originalUrl:  /user/registerDevice
request client ip:  ::ffff:101.28.124.19
request body: 
{"device_id":"1"}
response time: 55
response status: 200
response body: 
{"err_code":0,"msg":"success"}
*************** response log end ***************

[2018-06-09 12:08:45.690] [INFO] resLogger - 
*************** response log start ***************
request method: GET
request originalUrl:  /user/register
request client ip:  ::ffff:101.75.128.83
request query:  {}
response time: 6
response status: 200
response body: 
{"err_code":404,"msg":"Not Found"}
*************** response log end ***************

[2018-06-09 12:09:20.010] [INFO] resLogger - 
*************** response log start ***************
request method: POST
request originalUrl:  /user/register
request client ip:  ::ffff:101.75.128.83
request body: 
{"phone":"15012345678","password":"123456"}
response time: 49
response status: 200
response body: 
{"err_code":0,"msg":"success"}
*************** response log end ***************

[2018-06-09 12:09:28.362] [INFO] resLogger - 
*************** response log start ***************
request method: POST
request originalUrl:  /user/login
request client ip:  ::ffff:101.75.128.83
request body: 
{"phone":"15012345678","password":"123456"}
response time: 51
response status: 200
response body: 
{"err_code":0,"msg":"success","res":{"token":"eyJhbGciOiJIUzI1NiIsInR5cCI6IkpXVCJ9.eyJkYXRhIjp7InBob25lIjoiMTUwMTIzNDU2NzgiLCJwYXNzd29yZCI6IjEyMzQ1NiJ9LCJleHAiOjE1MzExMDkzNjgsImlhdCI6MTUyODUxNzM2OH0.vQWI66slObsanhansRYvACVEcz7oB9cOcEM0BRpZK5Y"}}
*************** response log end ***************

[2018-06-09 12:09:35.827] [INFO] resLogger - 
*************** response log start ***************
request method: POST
request originalUrl:  /user/login
request client ip:  ::ffff:101.75.128.83
request body: 
{"phone":"15012345678","password":"123456"}
response time: 50
response status: 200
response body: 
{"err_code":0,"msg":"success","res":{"token":"eyJhbGciOiJIUzI1NiIsInR5cCI6IkpXVCJ9.eyJkYXRhIjp7InBob25lIjoiMTUwMTIzNDU2NzgiLCJwYXNzd29yZCI6IjEyMzQ1NiJ9LCJleHAiOjE1MzExMDkzNzUsImlhdCI6MTUyODUxNzM3NX0.pqtw344-GVfspceoNieQTsA7FG2qkZAKvV69kVXe6dU"}}
*************** response log end ***************

[2018-06-09 12:09:50.354] [INFO] resLogger - 
*************** response log start ***************
request method: POST
request originalUrl:  /user/login
request client ip:  ::ffff:101.75.128.83
request body: 
{"phone":"15012345678","password":"123456"}
response time: 61
response status: 200
response body: 
{"err_code":0,"msg":"success","res":{"token":"eyJhbGciOiJIUzI1NiIsInR5cCI6IkpXVCJ9.eyJkYXRhIjp7InBob25lIjoiMTUwMTIzNDU2NzgiLCJwYXNzd29yZCI6IjEyMzQ1NiJ9LCJleHAiOjE1MzExMDkzOTAsImlhdCI6MTUyODUxNzM5MH0.33QoYv1pciqGGaNOa-gDxOYIL--24RgwYUX1mtL1aNo"}}
*************** response log end ***************

[2018-06-09 12:09:51.784] [INFO] resLogger - 
*************** response log start ***************
request method: POST
request originalUrl:  /user/login
request client ip:  ::ffff:101.75.128.83
request body: 
{"phone":"15012345678","password":"123456"}
response time: 47
response status: 200
response body: 
{"err_code":0,"msg":"success","res":{"token":"eyJhbGciOiJIUzI1NiIsInR5cCI6IkpXVCJ9.eyJkYXRhIjp7InBob25lIjoiMTUwMTIzNDU2NzgiLCJwYXNzd29yZCI6IjEyMzQ1NiJ9LCJleHAiOjE1MzExMDkzOTEsImlhdCI6MTUyODUxNzM5MX0.zoE6sw39nfh__7FwGF2xRAwMkHmNKCvlpLBAQgPjO4U"}}
*************** response log end ***************

[2018-06-09 12:09:53.601] [INFO] resLogger - 
*************** response log start ***************
request method: POST
request originalUrl:  /user/login
request client ip:  ::ffff:101.75.128.83
request body: 
{"phone":"15012345678","password":"123456"}
response time: 51
response status: 200
response body: 
{"err_code":0,"msg":"success","res":{"token":"eyJhbGciOiJIUzI1NiIsInR5cCI6IkpXVCJ9.eyJkYXRhIjp7InBob25lIjoiMTUwMTIzNDU2NzgiLCJwYXNzd29yZCI6IjEyMzQ1NiJ9LCJleHAiOjE1MzExMDkzOTMsImlhdCI6MTUyODUxNzM5M30.0OShCnJJuM5Y_I9qocUaSjI0b-H8p7-2ggdu-mYEQ1Y"}}
*************** response log end ***************

[2018-06-09 12:09:55.248] [INFO] resLogger - 
*************** response log start ***************
request method: POST
request originalUrl:  /user/login
request client ip:  ::ffff:101.75.128.83
request body: 
{"phone":"15012345678","password":"123456"}
response time: 49
response status: 200
response body: 
{"err_code":0,"msg":"success","res":{"token":"eyJhbGciOiJIUzI1NiIsInR5cCI6IkpXVCJ9.eyJkYXRhIjp7InBob25lIjoiMTUwMTIzNDU2NzgiLCJwYXNzd29yZCI6IjEyMzQ1NiJ9LCJleHAiOjE1MzExMDkzOTUsImlhdCI6MTUyODUxNzM5NX0.w0jLqXH04tm9KC2Kfm4QJM1wrXBthfTAUb4EVMVHLnE"}}
*************** response log end ***************

[2018-06-09 12:19:00.311] [INFO] resLogger - 
*************** response log start ***************
request method: POST
request originalUrl:  /user/login
request client ip:  ::ffff:101.75.128.83
request body: 
{"phone":"15012345678","password":"123456"}
response time: 71
response status: 200
response body: 
{"err_code":0,"msg":"success","res":{"token":"eyJhbGciOiJIUzI1NiIsInR5cCI6IkpXVCJ9.eyJkYXRhIjp7InBob25lIjoiMTUwMTIzNDU2NzgiLCJwYXNzd29yZCI6IjEyMzQ1NiJ9LCJleHAiOjE1MzExMDk5NDAsImlhdCI6MTUyODUxNzk0MH0.RA8Q0rMV395H-8Xhz3XXKNjEEwHxyhAiHQdoi9tsnZ0"}}
*************** response log end ***************

[2018-06-09 12:22:46.779] [INFO] resLogger - 
*************** response log start ***************
request method: POST
request originalUrl:  /user/register
request client ip:  ::ffff:101.75.128.83
request body: 
{"phone":"15000000000","password":"123456"}
response time: 51
response status: 200
response body: 
{"err_code":0,"msg":"success"}
*************** response log end ***************

[2018-06-09 12:23:05.515] [INFO] resLogger - 
*************** response log start ***************
request method: POST
request originalUrl:  /user/login
request client ip:  ::ffff:101.75.128.83
request body: 
{"phone":"15000000000","password":"123456"}
response time: 47
response status: 200
response body: 
{"err_code":0,"msg":"success","res":{"token":"eyJhbGciOiJIUzI1NiIsInR5cCI6IkpXVCJ9.eyJkYXRhIjp7InBob25lIjoiMTUwMDAwMDAwMDAiLCJwYXNzd29yZCI6IjEyMzQ1NiJ9LCJleHAiOjE1MzExMTAxODUsImlhdCI6MTUyODUxODE4NX0.g9vI5UiDpawjjiWHIVEaNM3kOz2lrEKZux2Ao3wTUhw"}}
*************** response log end ***************

[2018-06-09 12:23:10.334] [INFO] resLogger - 
*************** response log start ***************
request method: POST
request originalUrl:  /user/login
request client ip:  ::ffff:101.75.128.83
request body: 
{"phone":"15000000000","password":"123456"}
response time: 51
response status: 200
response body: 
{"err_code":0,"msg":"success","res":{"token":"eyJhbGciOiJIUzI1NiIsInR5cCI6IkpXVCJ9.eyJkYXRhIjp7InBob25lIjoiMTUwMDAwMDAwMDAiLCJwYXNzd29yZCI6IjEyMzQ1NiJ9LCJleHAiOjE1MzExMTAxOTAsImlhdCI6MTUyODUxODE5MH0.wYzIhOLeCabDDnKke3l0iZlt95_G_YoMJX7T_IWpWDc"}}
*************** response log end ***************

[2018-06-09 12:23:43.881] [INFO] resLogger - 
*************** response log start ***************
request method: POST
request originalUrl:  /user/registerDevice
request client ip:  ::ffff:101.75.128.83
request body: 
{"device_id":"1"}
response time: 40
response status: 200
response body: 
{"err_code":0,"msg":"success"}
*************** response log end ***************

[2018-06-09 12:49:13.020] [INFO] resLogger - 
*************** response log start ***************
request method: POST
request originalUrl:  /device/getDeviceInfo
request client ip:  ::ffff:101.75.128.83
request body: 
{"device_id":"1"}
response time: 3
response status: 200
response body: 
{"err_code":404,"msg":"Not Found"}
*************** response log end ***************

[2018-06-09 12:49:33.750] [INFO] resLogger - 
*************** response log start ***************
request method: POST
request originalUrl:  /user/getDeviceInfo
request client ip:  ::ffff:101.75.128.83
request body: 
{"device_id":"1"}
response time: 42
response status: 200
response body: 
{"err_code":0,"msg":"success","res":{"31":31,"32":32,"33":33,"34":34,"35":35,"electricity":98,"lock_state":1,"knock_state":1,"poke_state":1,"create_time":"2018-04-19T14:11:22.000Z"}}
*************** response log end ***************

[2018-06-09 12:58:21.491] [INFO] resLogger - 
*************** response log start ***************
request method: POST
request originalUrl:  /user/getDeviceInfo
request client ip:  ::ffff:101.75.128.83
request body: 
{"device_id":"1"}
response time: 28
response status: 200
response body: 
{"err_code":0,"msg":"success","res":{"31":31,"32":32,"33":33,"34":34,"35":35,"electricity":98,"lock_state":1,"knock_state":1,"poke_state":1,"create_time":"2018-04-19T14:11:22.000Z"}}
*************** response log end ***************

[2018-06-09 12:59:23.655] [INFO] resLogger - 
*************** response log start ***************
request method: POST
request originalUrl:  /user/postCommand
request client ip:  ::ffff:101.75.128.83
request body: 
{"device_id":"1","type":"1","content":"1"}
response time: 43
response status: 200
response body: 
{"err_code":404,"msg":"Not Found"}
*************** response log end ***************

[2018-06-09 13:02:32.244] [INFO] resLogger - 
*************** response log start ***************
request method: POST
request originalUrl:  /user/postCommand
request client ip:  ::ffff:101.75.128.83
request body: 
{"device_id":"1","type":"3","content":"31"}
response time: 52
response status: 200
response body: 
{"err_code":404,"msg":"Not Found"}
*************** response log end ***************

[2018-06-09 13:02:33.721] [INFO] resLogger - 
*************** response log start ***************
request method: POST
request originalUrl:  /user/postCommand
request client ip:  ::ffff:101.75.128.83
request body: 
{"device_id":"1","type":"3","content":"33"}
response time: 51
response status: 200
response body: 
{"err_code":404,"msg":"Not Found"}
*************** response log end ***************

[2018-06-09 13:02:56.802] [INFO] resLogger - 
*************** response log start ***************
request method: POST
request originalUrl:  /user/postCommand
request client ip:  ::ffff:101.75.128.83
request body: 
{"device_id":"1","type":"3","content":"69"}
response time: 52
response status: 200
response body: 
{"err_code":404,"msg":"Not Found"}
*************** response log end ***************

[2018-06-09 13:02:58.326] [INFO] resLogger - 
*************** response log start ***************
request method: POST
request originalUrl:  /user/postCommand
request client ip:  ::ffff:101.75.128.83
request body: 
{"device_id":"1","type":"3","content":"67"}
response time: 54
response status: 200
response body: 
{"err_code":404,"msg":"Not Found"}
*************** response log end ***************

[2018-06-09 13:03:32.246] [INFO] resLogger - 
*************** response log start ***************
request method: POST
request originalUrl:  /user/postCommand
request client ip:  ::ffff:101.75.128.83
request body: 
{"device_id":"1","type":"3","content":"100"}
response time: 44
response status: 200
response body: 
{"err_code":404,"msg":"Not Found"}
*************** response log end ***************

[2018-06-09 13:03:33.731] [INFO] resLogger - 
*************** response log start ***************
request method: POST
request originalUrl:  /user/postCommand
request client ip:  ::ffff:101.75.128.83
request body: 
{"device_id":"1","type":"3","content":"100"}
response time: 48
response status: 200
response body: 
{"err_code":404,"msg":"Not Found"}
*************** response log end ***************

[2018-06-09 13:03:42.758] [INFO] resLogger - 
*************** response log start ***************
request method: POST
request originalUrl:  /user/postCommand
request client ip:  ::ffff:101.75.128.83
request body: 
{"device_id":"1","type":"3","content":"0"}
response time: 45
response status: 200
response body: 
{"err_code":404,"msg":"Not Found"}
*************** response log end ***************

[2018-06-09 13:04:01.321] [INFO] resLogger - 
*************** response log start ***************
request method: POST
request originalUrl:  /user/postCommand
request client ip:  ::ffff:101.75.128.83
request body: 
{"device_id":"1","type":"3","content":"67"}
response time: 43
response status: 200
response body: 
{"err_code":404,"msg":"Not Found"}
*************** response log end ***************

[2018-06-09 13:04:02.791] [INFO] resLogger - 
*************** response log start ***************
request method: POST
request originalUrl:  /user/postCommand
request client ip:  ::ffff:101.75.128.83
request body: 
{"device_id":"1","type":"3","content":"67"}
response time: 52
response status: 200
response body: 
{"err_code":404,"msg":"Not Found"}
*************** response log end ***************

[2018-06-09 13:04:28.554] [INFO] resLogger - 
*************** response log start ***************
request method: POST
request originalUrl:  /user/postCommand
request client ip:  ::ffff:101.75.128.83
request body: 
{"device_id":"1","type":"1","content":"1"}
response time: 66
response status: 200
response body: 
{"err_code":404,"msg":"Not Found"}
*************** response log end ***************

[2018-06-09 13:04:50.333] [INFO] resLogger - 
*************** response log start ***************
request method: POST
request originalUrl:  /user/postCommand
request client ip:  ::ffff:101.75.128.83
request body: 
{"device_id":"1","type":"2","content":""}
response time: 50
response status: 200
response body: 
{"err_code":404,"msg":"Not Found"}
*************** response log end ***************

[2018-06-09 13:06:42.304] [INFO] resLogger - 
*************** response log start ***************
request method: POST
request originalUrl:  /user/postCommand
request client ip:  ::ffff:101.75.128.83
request body: 
{"device_id":"1","type":"2","content":""}
response time: 46
response status: 200
response body: 
{"err_code":404,"msg":"Not Found"}
*************** response log end ***************

[2018-06-09 13:06:50.375] [INFO] resLogger - 
*************** response log start ***************
request method: POST
request originalUrl:  /user/postCommand
request client ip:  ::ffff:101.75.128.83
request body: 
{"device_id":"1","type":"2","content":""}
response time: 42
response status: 200
response body: 
{"err_code":404,"msg":"Not Found"}
*************** response log end ***************

[2018-06-09 13:11:36.623] [INFO] resLogger - 
*************** response log start ***************
request method: POST
request originalUrl:  /user/postCommand
request client ip:  ::ffff:101.75.128.83
request body: 
{"device_id":"1","type":"2","content":""}
response time: 45
response status: 200
response body: 
{"err_code":404,"msg":"Not Found"}
*************** response log end ***************

[2018-06-09 13:21:47.359] [INFO] resLogger - 
*************** response log start ***************
request method: POST
request originalUrl:  /user/postCommand
request client ip:  ::ffff:101.75.128.83
request body: 
{"device_id":1,"type":2,"content":""}
response time: 48
response status: 200
response body: 
{"err_code":404,"msg":"Not Found"}
*************** response log end ***************

[2018-06-09 13:21:49.633] [INFO] resLogger - 
*************** response log start ***************
request method: POST
request originalUrl:  /user/postCommand
request client ip:  ::ffff:101.75.128.83
request body: 
{"device_id":1,"type":2,"content":""}
response time: 41
response status: 200
response body: 
{"err_code":404,"msg":"Not Found"}
*************** response log end ***************

[2018-06-09 13:22:05.133] [INFO] resLogger - 
*************** response log start ***************
request method: POST
request originalUrl:  /user/postCommand
request client ip:  ::ffff:101.75.128.83
request body: 
{"device_id":"1","type":"2","content":""}
response time: 56
response status: 200
response body: 
{"err_code":404,"msg":"Not Found"}
*************** response log end ***************

[2018-06-09 13:22:22.522] [INFO] resLogger - 
*************** response log start ***************
request method: POST
request originalUrl:  /user/postCommand
request client ip:  ::ffff:101.75.128.83
request body: 
{"device_id":"1","type":"1","content":"1"}
response time: 46
response status: 200
response body: 
{"err_code":404,"msg":"Not Found"}
*************** response log end ***************

[2018-06-09 13:22:24.352] [INFO] resLogger - 
*************** response log start ***************
request method: POST
request originalUrl:  /user/postCommand
request client ip:  ::ffff:101.75.128.83
request body: 
{"device_id":"1","type":"1","content":"1"}
response time: 43
response status: 200
response body: 
{"err_code":404,"msg":"Not Found"}
*************** response log end ***************

[2018-06-09 13:22:26.084] [INFO] resLogger - 
*************** response log start ***************
request method: POST
request originalUrl:  /user/postCommand
request client ip:  ::ffff:101.75.128.83
request body: 
{"device_id":"1","type":"1","content":"1"}
response time: 44
response status: 200
response body: 
{"err_code":404,"msg":"Not Found"}
*************** response log end ***************

[2018-06-09 13:23:19.547] [INFO] resLogger - 
*************** response log start ***************
request method: POST
request originalUrl:  /user/postCommand
request client ip:  ::ffff:101.75.128.83
request body: 
{"device_id":"1","type":"2","content":"1"}
response time: 44
response status: 200
response body: 
{"err_code":404,"msg":"Not Found"}
*************** response log end ***************

[2018-06-09 13:28:16.042] [INFO] resLogger - 
*************** response log start ***************
request method: POST
request originalUrl:  /user/getDeviceImage
request client ip:  ::ffff:101.75.128.83
request body: 
{"device_id":"1","page_size":"5","page_num":"1"}
response time: 34
response status: 200
response body: 
{"err_code":0,"msg":"success","res":[{"image_url":"http://120.25.199.214:3001/images/1523895285649.jpg","create_time":"2018-04-18T16:03:08.000Z"},{"image_url":"http://120.25.199.214:3001/images/1523895285649.jpg","create_time":"2018-04-16T16:36:35.000Z"},{"image_url":"http://120.25.199.214:3001/images/1523895285649.jpg","create_time":"2018-04-16T16:36:01.000Z"},{"image_url":"http://120.25.199.214:3001/images/1523895285649.jpg","create_time":"2018-04-16T16:35:48.000Z"},{"image_url":"http://120.25.199.214:3001/images/1523895285649.jpg","create_time":"2018-04-16T16:35:25.000Z"}]}
*************** response log end ***************

[2018-06-09 13:28:20.677] [INFO] resLogger - 
*************** response log start ***************
request method: POST
request originalUrl:  /user/getDeviceImage
request client ip:  ::ffff:101.75.128.83
request body: 
{"device_id":"1","page_size":"5","page_num":"2"}
response time: 31
response status: 200
response body: 
{"err_code":0,"msg":"success","res":[{"image_url":"http://120.25.199.214:3001/images/1523895285649.jpg","create_time":"2018-04-16T16:29:39.000Z"},{"image_url":"http://120.25.199.214:3001/images/1523895285649.jpg","create_time":"2018-04-16T16:27:02.000Z"},{"image_url":"http://120.25.199.214:3001/images/1515917257562.jpg","create_time":"2018-04-16T08:23:20.000Z"}]}
*************** response log end ***************

[2018-06-09 13:31:11.730] [INFO] resLogger - 
*************** response log start ***************
request method: POST
request originalUrl:  /user/getDeviceImage
request client ip:  ::ffff:101.75.128.83
request body: 
{"device_id":"1","page_size":"5","page_num":"1"}
response time: 31
response status: 200
response body: 
{"err_code":0,"msg":"success","res":[{"image_url":"http://120.25.199.214:3001/images/1523895285649.jpg","create_time":"2018-04-18T16:03:08.000Z"},{"image_url":"http://120.25.199.214:3001/images/1523895285649.jpg","create_time":"2018-04-16T16:36:35.000Z"},{"image_url":"http://120.25.199.214:3001/images/1523895285649.jpg","create_time":"2018-04-16T16:36:01.000Z"},{"image_url":"http://120.25.199.214:3001/images/1523895285649.jpg","create_time":"2018-04-16T16:35:48.000Z"},{"image_url":"http://120.25.199.214:3001/images/1523895285649.jpg","create_time":"2018-04-16T16:35:25.000Z"}]}
*************** response log end ***************

[2018-06-09 13:31:16.171] [INFO] resLogger - 
*************** response log start ***************
request method: POST
request originalUrl:  /user/getDeviceImage
request client ip:  ::ffff:101.75.128.83
request body: 
{"device_id":"1","page_size":"5","page_num":"2"}
response time: 34
response status: 200
response body: 
{"err_code":0,"msg":"success","res":[{"image_url":"http://120.25.199.214:3001/images/1523895285649.jpg","create_time":"2018-04-16T16:29:39.000Z"},{"image_url":"http://120.25.199.214:3001/images/1523895285649.jpg","create_time":"2018-04-16T16:27:02.000Z"},{"image_url":"http://120.25.199.214:3001/images/1515917257562.jpg","create_time":"2018-04-16T08:23:20.000Z"}]}
*************** response log end ***************

[2018-06-09 13:32:16.919] [INFO] resLogger - 
*************** response log start ***************
request method: POST
request originalUrl:  /user/getDeviceImage
request client ip:  ::ffff:101.75.128.83
request body: 
{"device_id":"1","page_size":"5","page_num":"3"}
response time: 34
response status: 200
response body: 
{"err_code":0,"msg":"success","res":[]}
*************** response log end ***************

[2018-06-09 13:37:32.105] [INFO] resLogger - 
*************** response log start ***************
request method: POST
request originalUrl:  /user/getDeviceInfo
request client ip:  ::ffff:101.75.128.83
request body: 
{"device_id":"1"}
response time: 34
response status: 200
response body: 
{"err_code":0,"msg":"success","res":{"31":31,"32":32,"33":33,"34":34,"35":35,"electricity":98,"lock_state":1,"knock_state":1,"poke_state":1,"create_time":"2018-04-19T14:11:22.000Z"}}
*************** response log end ***************

[2018-06-09 13:37:37.200] [INFO] resLogger - 
*************** response log start ***************
request method: POST
request originalUrl:  /user/getDeviceImage
request client ip:  ::ffff:101.75.128.83
request body: 
{"device_id":"1","page_size":"5","page_num":"4"}
response time: 33
response status: 200
response body: 
{"err_code":0,"msg":"success","res":[]}
*************** response log end ***************

[2018-06-09 13:40:00.962] [INFO] resLogger - 
*************** response log start ***************
request method: POST
request originalUrl:  /user/getDeviceImage
request client ip:  ::ffff:101.75.128.83
request body: 
{"device_id":"1","page_size":"5","page_num":"2"}
response time: 36
response status: 200
response body: 
{"err_code":0,"msg":"success","res":[{"image_url":"http://120.25.199.214:3001/images/1523895285649.jpg","create_time":"2018-04-16T16:29:39.000Z"},{"image_url":"http://120.25.199.214:3001/images/1523895285649.jpg","create_time":"2018-04-16T16:27:02.000Z"},{"image_url":"http://120.25.199.214:3001/images/1515917257562.jpg","create_time":"2018-04-16T08:23:20.000Z"}]}
*************** response log end ***************

[2018-06-09 13:41:32.525] [INFO] resLogger - 
*************** response log start ***************
request method: POST
request originalUrl:  /user/getDeviceImage
request client ip:  ::ffff:101.75.128.83
request body: 
{"device_id":1,"page_size":5,"page_num":2}
response time: 33
response status: 200
response body: 
{"err_code":0,"msg":"success","res":[{"image_url":"http://120.25.199.214:3001/images/1523895285649.jpg","create_time":"2018-04-16T16:29:39.000Z"},{"image_url":"http://120.25.199.214:3001/images/1523895285649.jpg","create_time":"2018-04-16T16:27:02.000Z"},{"image_url":"http://120.25.199.214:3001/images/1515917257562.jpg","create_time":"2018-04-16T08:23:20.000Z"}]}
*************** response log end ***************

[2018-06-09 13:42:24.170] [INFO] resLogger - 
*************** response log start ***************
request method: POST
request originalUrl:  /user/getDeviceImage
request client ip:  ::ffff:101.75.128.83
request body: 
{"device_id":1,"page_size":5,"page_num":3}
response time: 32
response status: 200
response body: 
{"err_code":0,"msg":"success","res":[]}
*************** response log end ***************

[2018-06-09 13:43:07.826] [INFO] resLogger - 
*************** response log start ***************
request method: POST
request originalUrl:  /user/getDeviceImage
request client ip:  ::ffff:101.75.128.83
request body: 
{"device_id":"1","page_size":"5","page_num":"2"}
response time: 33
response status: 200
response body: 
{"err_code":0,"msg":"success","res":[{"image_url":"http://120.25.199.214:3001/images/1523895285649.jpg","create_time":"2018-04-16T16:29:39.000Z"},{"image_url":"http://120.25.199.214:3001/images/1523895285649.jpg","create_time":"2018-04-16T16:27:02.000Z"},{"image_url":"http://120.25.199.214:3001/images/1515917257562.jpg","create_time":"2018-04-16T08:23:20.000Z"}]}
*************** response log end ***************

[2018-06-09 13:46:47.813] [INFO] resLogger - 
*************** response log start ***************
request method: POST
request originalUrl:  /user/getDeviceImage
request client ip:  ::ffff:101.75.128.83
request body: 
{"device_id":"1","page_size":"5","page_num":"1"}
response time: 36
response status: 200
response body: 
{"err_code":0,"msg":"success","res":[{"image_url":"http://120.25.199.214:3001/images/1523895285649.jpg","create_time":"2018-04-18T16:03:08.000Z"},{"image_url":"http://120.25.199.214:3001/images/1523895285649.jpg","create_time":"2018-04-16T16:36:35.000Z"},{"image_url":"http://120.25.199.214:3001/images/1523895285649.jpg","create_time":"2018-04-16T16:36:01.000Z"},{"image_url":"http://120.25.199.214:3001/images/1523895285649.jpg","create_time":"2018-04-16T16:35:48.000Z"},{"image_url":"http://120.25.199.214:3001/images/1523895285649.jpg","create_time":"2018-04-16T16:35:25.000Z"}]}
*************** response log end ***************

[2018-06-09 13:46:51.009] [INFO] resLogger - 
*************** response log start ***************
request method: POST
request originalUrl:  /user/getDeviceImage
request client ip:  ::ffff:101.75.128.83
request body: 
{"device_id":"1","page_size":"5","page_num":"2"}
response time: 33
response status: 200
response body: 
{"err_code":0,"msg":"success","res":[{"image_url":"http://120.25.199.214:3001/images/1523895285649.jpg","create_time":"2018-04-16T16:29:39.000Z"},{"image_url":"http://120.25.199.214:3001/images/1523895285649.jpg","create_time":"2018-04-16T16:27:02.000Z"},{"image_url":"http://120.25.199.214:3001/images/1515917257562.jpg","create_time":"2018-04-16T08:23:20.000Z"}]}
*************** response log end ***************

[2018-06-09 13:48:16.436] [INFO] resLogger - 
*************** response log start ***************
request method: POST
request originalUrl:  /user/getDeviceImage
request client ip:  ::ffff:101.75.128.83
request body: 
{"device_id":"1","page_size":"5","page_num":"2"}
response time: 33
response status: 200
response body: 
{"err_code":0,"msg":"success","res":[{"image_url":"http://120.25.199.214:3001/images/1523895285649.jpg","create_time":"2018-04-16T16:29:39.000Z"},{"image_url":"http://120.25.199.214:3001/images/1523895285649.jpg","create_time":"2018-04-16T16:27:02.000Z"},{"image_url":"http://120.25.199.214:3001/images/1515917257562.jpg","create_time":"2018-04-16T08:23:20.000Z"}]}
*************** response log end ***************

[2018-06-09 13:48:56.945] [INFO] resLogger - 
*************** response log start ***************
request method: POST
request originalUrl:  /user/getDeviceImage
request client ip:  ::ffff:101.75.128.83
request body: 
{"device_id":"1","page_size":"5","page_num":"1"}
response time: 32
response status: 200
response body: 
{"err_code":0,"msg":"success","res":[{"image_url":"http://120.25.199.214:3001/images/1523895285649.jpg","create_time":"2018-04-18T16:03:08.000Z"},{"image_url":"http://120.25.199.214:3001/images/1523895285649.jpg","create_time":"2018-04-16T16:36:35.000Z"},{"image_url":"http://120.25.199.214:3001/images/1523895285649.jpg","create_time":"2018-04-16T16:36:01.000Z"},{"image_url":"http://120.25.199.214:3001/images/1523895285649.jpg","create_time":"2018-04-16T16:35:48.000Z"},{"image_url":"http://120.25.199.214:3001/images/1523895285649.jpg","create_time":"2018-04-16T16:35:25.000Z"}]}
*************** response log end ***************

[2018-06-09 13:49:00.010] [INFO] resLogger - 
*************** response log start ***************
request method: POST
request originalUrl:  /user/getDeviceImage
request client ip:  ::ffff:101.75.128.83
request body: 
{"device_id":"1","page_size":"5","page_num":"2"}
response time: 33
response status: 200
response body: 
{"err_code":0,"msg":"success","res":[{"image_url":"http://120.25.199.214:3001/images/1523895285649.jpg","create_time":"2018-04-16T16:29:39.000Z"},{"image_url":"http://120.25.199.214:3001/images/1523895285649.jpg","create_time":"2018-04-16T16:27:02.000Z"},{"image_url":"http://120.25.199.214:3001/images/1515917257562.jpg","create_time":"2018-04-16T08:23:20.000Z"}]}
*************** response log end ***************

[2018-06-09 13:51:46.218] [INFO] resLogger - 
*************** response log start ***************
request method: POST
request originalUrl:  /user/getDeviceImage
request client ip:  ::ffff:101.75.128.83
request body: 
{"device_id":"1","page_size":"5","page_num":"1"}
response time: 33
response status: 200
response body: 
{"err_code":0,"msg":"success","res":[{"image_url":"http://120.25.199.214:3001/images/1523895285649.jpg","create_time":"2018-04-18T16:03:08.000Z"},{"image_url":"http://120.25.199.214:3001/images/1523895285649.jpg","create_time":"2018-04-16T16:36:35.000Z"},{"image_url":"http://120.25.199.214:3001/images/1523895285649.jpg","create_time":"2018-04-16T16:36:01.000Z"},{"image_url":"http://120.25.199.214:3001/images/1523895285649.jpg","create_time":"2018-04-16T16:35:48.000Z"},{"image_url":"http://120.25.199.214:3001/images/1523895285649.jpg","create_time":"2018-04-16T16:35:25.000Z"}]}
*************** response log end ***************

[2018-06-09 13:51:49.177] [INFO] resLogger - 
*************** response log start ***************
request method: POST
request originalUrl:  /user/getDeviceImage
request client ip:  ::ffff:101.75.128.83
request body: 
{"device_id":"1","page_size":"5","page_num":"2"}
response time: 31
response status: 200
response body: 
{"err_code":0,"msg":"success","res":[{"image_url":"http://120.25.199.214:3001/images/1523895285649.jpg","create_time":"2018-04-16T16:29:39.000Z"},{"image_url":"http://120.25.199.214:3001/images/1523895285649.jpg","create_time":"2018-04-16T16:27:02.000Z"},{"image_url":"http://120.25.199.214:3001/images/1515917257562.jpg","create_time":"2018-04-16T08:23:20.000Z"}]}
*************** response log end ***************

[2018-06-09 13:58:36.744] [INFO] resLogger - 
*************** response log start ***************
request method: POST
request originalUrl:  /user/getDeviceImage
request client ip:  ::ffff:101.75.128.83
request body: 
{"device_id":"1","page_size":"5","page_num":"2"}
response time: 32
response status: 200
response body: 
{"err_code":0,"msg":"success","res":[{"image_url":"http://120.25.199.214:3001/images/1523895285649.jpg","create_time":"2018-04-16T16:29:39.000Z"},{"image_url":"http://120.25.199.214:3001/images/1523895285649.jpg","create_time":"2018-04-16T16:27:02.000Z"},{"image_url":"http://120.25.199.214:3001/images/1515917257562.jpg","create_time":"2018-04-16T08:23:20.000Z"}]}
*************** response log end ***************

[2018-06-09 13:59:59.408] [INFO] resLogger - 
*************** response log start ***************
request method: POST
request originalUrl:  /user/getDeviceImage
request client ip:  ::ffff:101.75.128.83
request body: 
{"device_id":"1","page_size":"5","page_num":"2"}
response time: 33
response status: 200
response body: 
{"err_code":0,"msg":"success","res":[{"image_url":"http://120.25.199.214:3001/images/1523895285649.jpg","create_time":"2018-04-16T16:29:39.000Z"},{"image_url":"http://120.25.199.214:3001/images/1523895285649.jpg","create_time":"2018-04-16T16:27:02.000Z"},{"image_url":"http://120.25.199.214:3001/images/1515917257562.jpg","create_time":"2018-04-16T08:23:20.000Z"}]}
*************** response log end ***************

[2018-06-09 14:00:27.143] [INFO] resLogger - 
*************** response log start ***************
request method: POST
request originalUrl:  /user/getDeviceInfo
request client ip:  ::ffff:101.75.128.83
request body: 
{"device_id":"1"}
response time: 47
response status: 200
response body: 
{"err_code":0,"msg":"success","res":{"31":31,"32":32,"33":33,"34":34,"35":35,"electricity":98,"lock_state":1,"knock_state":1,"poke_state":1,"create_time":"2018-04-19T14:11:22.000Z"}}
*************** response log end ***************

[2018-06-09 14:05:21.582] [INFO] resLogger - 
*************** response log start ***************
request method: POST
request originalUrl:  /user/getDeviceImage
request client ip:  ::ffff:101.75.128.83
request body: 
{"device_id":"1","page_size":"5","page_num":"2"}
response time: 32
response status: 200
response body: 
{"err_code":0,"msg":"success","res":[{"image_url":"http://120.25.199.214:3001/images/1523895285649.jpg","create_time":"2018-04-16T16:29:39.000Z"},{"image_url":"http://120.25.199.214:3001/images/1523895285649.jpg","create_time":"2018-04-16T16:27:02.000Z"},{"image_url":"http://120.25.199.214:3001/images/1515917257562.jpg","create_time":"2018-04-16T08:23:20.000Z"}]}
*************** response log end ***************

[2018-06-09 14:06:01.881] [INFO] resLogger - 
*************** response log start ***************
request method: POST
request originalUrl:  /user/getDeviceImage
request client ip:  ::ffff:101.75.128.83
request body: 
{"device_id":"1","page_size":"5","page_num":"2"}
response time: 38
response status: 200
response body: 
{"err_code":0,"msg":"success","res":[{"image_url":"http://120.25.199.214:3001/images/1523895285649.jpg","create_time":"2018-04-16T16:29:39.000Z"},{"image_url":"http://120.25.199.214:3001/images/1523895285649.jpg","create_time":"2018-04-16T16:27:02.000Z"},{"image_url":"http://120.25.199.214:3001/images/1515917257562.jpg","create_time":"2018-04-16T08:23:20.000Z"}]}
*************** response log end ***************

[2018-06-09 14:14:52.648] [INFO] resLogger - 
*************** response log start ***************
request method: POST
request originalUrl:  /user/getDeviceImage
request client ip:  ::ffff:101.75.128.83
request body: 
{"device_id":"1","page_size":"5","page_num":"2"}
response time: 33
response status: 200
response body: 
{"err_code":0,"msg":"success","res":[{"image_url":"http://120.25.199.214:3001/images/1523895285649.jpg","create_time":"2018-04-16T16:29:39.000Z"},{"image_url":"http://120.25.199.214:3001/images/1523895285649.jpg","create_time":"2018-04-16T16:27:02.000Z"},{"image_url":"http://120.25.199.214:3001/images/1515917257562.jpg","create_time":"2018-04-16T08:23:20.000Z"}]}
*************** response log end ***************

[2018-06-09 16:56:26.868] [INFO] resLogger - 
*************** response log start ***************
request method: POST
request originalUrl:  /user/getDeviceImage
request client ip:  ::ffff:101.75.128.167
request body: 
{"device_id":"1","page_size":"5","page_num":"2"}
response time: 32
response status: 200
response body: 
{"err_code":0,"msg":"success","res":[{"image_url":"http://120.25.199.214:3001/images/1523895285649.jpg","create_time":"2018-04-16T16:29:39.000Z"},{"image_url":"http://120.25.199.214:3001/images/1523895285649.jpg","create_time":"2018-04-16T16:27:02.000Z"},{"image_url":"http://120.25.199.214:3001/images/1515917257562.jpg","create_time":"2018-04-16T08:23:20.000Z"}]}
*************** response log end ***************

[2018-06-09 16:56:46.896] [INFO] resLogger - 
*************** response log start ***************
request method: POST
request originalUrl:  /user/getDeviceInfo
request client ip:  ::ffff:101.75.128.167
request body: 
{"device_id":"1"}
response time: 38
response status: 200
response body: 
{"err_code":0,"msg":"success","res":{"31":31,"32":32,"33":33,"34":34,"35":35,"electricity":98,"lock_state":1,"knock_state":1,"poke_state":1,"create_time":"2018-04-19T14:11:22.000Z"}}
*************** response log end ***************

[2018-06-09 17:01:03.244] [INFO] resLogger - 
*************** response log start ***************
request method: POST
request originalUrl:  /user/getDeviceImage
request client ip:  ::ffff:101.75.128.167
request body: 
{"device_id":"1","page_size":"5","page_num":"1"}
response time: 36
response status: 200
response body: 
{"err_code":0,"msg":"success","res":[{"image_url":"http://120.25.199.214:3001/images/1523895285649.jpg","create_time":"2018-04-18T16:03:08.000Z"},{"image_url":"http://120.25.199.214:3001/images/1523895285649.jpg","create_time":"2018-04-16T16:36:35.000Z"},{"image_url":"http://120.25.199.214:3001/images/1523895285649.jpg","create_time":"2018-04-16T16:36:01.000Z"},{"image_url":"http://120.25.199.214:3001/images/1523895285649.jpg","create_time":"2018-04-16T16:35:48.000Z"},{"image_url":"http://120.25.199.214:3001/images/1523895285649.jpg","create_time":"2018-04-16T16:35:25.000Z"}]}
*************** response log end ***************

[2018-06-09 17:01:05.914] [INFO] resLogger - 
*************** response log start ***************
request method: POST
request originalUrl:  /user/getDeviceImage
request client ip:  ::ffff:101.75.128.167
request body: 
{"device_id":"1","page_size":"5","page_num":"1"}
response time: 33
response status: 200
response body: 
{"err_code":0,"msg":"success","res":[{"image_url":"http://120.25.199.214:3001/images/1523895285649.jpg","create_time":"2018-04-18T16:03:08.000Z"},{"image_url":"http://120.25.199.214:3001/images/1523895285649.jpg","create_time":"2018-04-16T16:36:35.000Z"},{"image_url":"http://120.25.199.214:3001/images/1523895285649.jpg","create_time":"2018-04-16T16:36:01.000Z"},{"image_url":"http://120.25.199.214:3001/images/1523895285649.jpg","create_time":"2018-04-16T16:35:48.000Z"},{"image_url":"http://120.25.199.214:3001/images/1523895285649.jpg","create_time":"2018-04-16T16:35:25.000Z"}]}
*************** response log end ***************

[2018-06-09 17:01:09.605] [INFO] resLogger - 
*************** response log start ***************
request method: POST
request originalUrl:  /user/getDeviceImage
request client ip:  ::ffff:101.75.128.167
request body: 
{"device_id":"1","page_size":"5","page_num":"2"}
response time: 31
response status: 200
response body: 
{"err_code":0,"msg":"success","res":[{"image_url":"http://120.25.199.214:3001/images/1523895285649.jpg","create_time":"2018-04-16T16:29:39.000Z"},{"image_url":"http://120.25.199.214:3001/images/1523895285649.jpg","create_time":"2018-04-16T16:27:02.000Z"},{"image_url":"http://120.25.199.214:3001/images/1515917257562.jpg","create_time":"2018-04-16T08:23:20.000Z"}]}
*************** response log end ***************

[2018-06-09 17:03:06.112] [INFO] resLogger - 
*************** response log start ***************
request method: POST
request originalUrl:  /user/getDeviceImage
request client ip:  ::ffff:101.75.128.167
request body: 
{"device_id":"1","page_size":"5","page_num":"2"}
response time: 35
response status: 200
response body: 
{"err_code":0,"msg":"success","res":[{"image_url":"http://120.25.199.214:3001/images/1523895285649.jpg","create_time":"2018-04-16T16:29:39.000Z"},{"image_url":"http://120.25.199.214:3001/images/1523895285649.jpg","create_time":"2018-04-16T16:27:02.000Z"},{"image_url":"http://120.25.199.214:3001/images/1515917257562.jpg","create_time":"2018-04-16T08:23:20.000Z"}]}
*************** response log end ***************

[2018-06-09 17:03:12.369] [INFO] resLogger - 
*************** response log start ***************
request method: POST
request originalUrl:  /user/postCommand
request client ip:  ::ffff:101.75.128.167
request body: 
{"device_id":"1","type":"1","content":"1"}
response time: 47
response status: 200
response body: 
{"err_code":404,"msg":"Not Found"}
*************** response log end ***************

[2018-06-09 17:03:14.964] [INFO] resLogger - 
*************** response log start ***************
request method: POST
request originalUrl:  /user/postCommand
request client ip:  ::ffff:101.75.128.167
request body: 
{"device_id":"1","type":"2","content":""}
response time: 45
response status: 200
response body: 
{"err_code":404,"msg":"Not Found"}
*************** response log end ***************

[2018-06-09 17:03:19.624] [INFO] resLogger - 
*************** response log start ***************
request method: POST
request originalUrl:  /user/postCommand
request client ip:  ::ffff:101.75.128.167
request body: 
{"device_id":"1","type":"3","content":"35"}
response time: 43
response status: 200
response body: 
{"err_code":404,"msg":"Not Found"}
*************** response log end ***************

[2018-06-09 17:03:21.098] [INFO] resLogger - 
*************** response log start ***************
request method: POST
request originalUrl:  /user/postCommand
request client ip:  ::ffff:101.75.128.167
request body: 
{"device_id":"1","type":"3","content":"34"}
response time: 52
response status: 200
response body: 
{"err_code":404,"msg":"Not Found"}
*************** response log end ***************

[2018-06-09 17:03:32.885] [INFO] resLogger - 
*************** response log start ***************
request method: POST
request originalUrl:  /user/getDeviceInfo
request client ip:  ::ffff:101.75.128.167
request body: 
{"device_id":"1"}
response time: 42
response status: 200
response body: 
{"err_code":0,"msg":"success","res":{"31":31,"32":32,"33":33,"34":34,"35":35,"electricity":98,"lock_state":1,"knock_state":1,"poke_state":1,"create_time":"2018-04-19T14:11:22.000Z"}}
*************** response log end ***************

[2018-06-09 17:03:46.774] [INFO] resLogger - 
*************** response log start ***************
request method: POST
request originalUrl:  /user/getDeviceImage
request client ip:  ::ffff:101.75.128.167
request body: 
{"device_id":"1","page_size":"5","page_num":"3"}
response time: 38
response status: 200
response body: 
{"err_code":0,"msg":"success","res":[]}
*************** response log end ***************

[2018-06-09 17:39:30.544] [INFO] resLogger - 
*************** response log start ***************
request method: POST
request originalUrl:  /user/getDeviceImage
request client ip:  ::ffff:101.75.128.167
request body: 
{"device_id":"1","page_size":"5","page_num":"2"}
response time: 33
response status: 200
response body: 
{"err_code":0,"msg":"success","res":[{"image_url":"http://120.25.199.214:3001/images/1523895285649.jpg","create_time":"2018-04-16T16:29:39.000Z"},{"image_url":"http://120.25.199.214:3001/images/1523895285649.jpg","create_time":"2018-04-16T16:27:02.000Z"},{"image_url":"http://120.25.199.214:3001/images/1515917257562.jpg","create_time":"2018-04-16T08:23:20.000Z"}]}
*************** response log end ***************

[2018-06-09 17:40:51.201] [INFO] resLogger - 
*************** response log start ***************
request method: POST
request originalUrl:  /user/getDeviceImage
request client ip:  ::ffff:101.75.128.167
request body: 
{"device_id":"1","page_size":"5","page_num":"2"}
response time: 34
response status: 200
response body: 
{"err_code":0,"msg":"success","res":[{"image_url":"http://120.25.199.214:3001/images/1523895285649.jpg","create_time":"2018-04-16T16:29:39.000Z"},{"image_url":"http://120.25.199.214:3001/images/1523895285649.jpg","create_time":"2018-04-16T16:27:02.000Z"},{"image_url":"http://120.25.199.214:3001/images/1515917257562.jpg","create_time":"2018-04-16T08:23:20.000Z"}]}
*************** response log end ***************

[2018-06-09 17:52:21.081] [INFO] resLogger - 
*************** response log start ***************
request method: POST
request originalUrl:  /user/getDeviceImage
request client ip:  ::ffff:101.75.128.167
request body: 
{"device_id":"1","page_size":"5","page_num":"1"}
response time: 32
response status: 200
response body: 
{"err_code":0,"msg":"success","res":[{"image_url":"http://120.25.199.214:3001/images/1523895285649.jpg","create_time":"2018-04-18T16:03:08.000Z"},{"image_url":"http://120.25.199.214:3001/images/1523895285649.jpg","create_time":"2018-04-16T16:36:35.000Z"},{"image_url":"http://120.25.199.214:3001/images/1523895285649.jpg","create_time":"2018-04-16T16:36:01.000Z"},{"image_url":"http://120.25.199.214:3001/images/1523895285649.jpg","create_time":"2018-04-16T16:35:48.000Z"},{"image_url":"http://120.25.199.214:3001/images/1523895285649.jpg","create_time":"2018-04-16T16:35:25.000Z"}]}
*************** response log end ***************

[2018-06-09 17:52:24.461] [INFO] resLogger - 
*************** response log start ***************
request method: POST
request originalUrl:  /user/getDeviceImage
request client ip:  ::ffff:101.75.128.167
request body: 
{"device_id":"1","page_size":"5","page_num":"2"}
response time: 32
response status: 200
response body: 
{"err_code":0,"msg":"success","res":[{"image_url":"http://120.25.199.214:3001/images/1523895285649.jpg","create_time":"2018-04-16T16:29:39.000Z"},{"image_url":"http://120.25.199.214:3001/images/1523895285649.jpg","create_time":"2018-04-16T16:27:02.000Z"},{"image_url":"http://120.25.199.214:3001/images/1515917257562.jpg","create_time":"2018-04-16T08:23:20.000Z"}]}
*************** response log end ***************

[2018-06-09 17:55:02.499] [INFO] resLogger - 
*************** response log start ***************
request method: POST
request originalUrl:  /user/getDeviceImage
request client ip:  ::ffff:101.75.128.167
request body: 
{"device_id":"1","page_size":"5","page_num":"1"}
response time: 31
response status: 200
response body: 
{"err_code":0,"msg":"success","res":[{"image_url":"http://120.25.199.214:3001/images/1523895285649.jpg","create_time":"2018-04-18T16:03:08.000Z"},{"image_url":"http://120.25.199.214:3001/images/1523895285649.jpg","create_time":"2018-04-16T16:36:35.000Z"},{"image_url":"http://120.25.199.214:3001/images/1523895285649.jpg","create_time":"2018-04-16T16:36:01.000Z"},{"image_url":"http://120.25.199.214:3001/images/1523895285649.jpg","create_time":"2018-04-16T16:35:48.000Z"},{"image_url":"http://120.25.199.214:3001/images/1523895285649.jpg","create_time":"2018-04-16T16:35:25.000Z"}]}
*************** response log end ***************

[2018-06-09 17:55:06.441] [INFO] resLogger - 
*************** response log start ***************
request method: POST
request originalUrl:  /user/getDeviceImage
request client ip:  ::ffff:101.75.128.167
request body: 
{"device_id":"1","page_size":"5","page_num":"2"}
response time: 33
response status: 200
response body: 
{"err_code":0,"msg":"success","res":[{"image_url":"http://120.25.199.214:3001/images/1523895285649.jpg","create_time":"2018-04-16T16:29:39.000Z"},{"image_url":"http://120.25.199.214:3001/images/1523895285649.jpg","create_time":"2018-04-16T16:27:02.000Z"},{"image_url":"http://120.25.199.214:3001/images/1515917257562.jpg","create_time":"2018-04-16T08:23:20.000Z"}]}
*************** response log end ***************

[2018-06-09 17:59:11.255] [INFO] resLogger - 
*************** response log start ***************
request method: POST
request originalUrl:  /user/getDeviceImage
request client ip:  ::ffff:101.75.128.167
request body: 
{"device_id":"1","page_size":"5","page_num":"1"}
response time: 34
response status: 200
response body: 
{"err_code":0,"msg":"success","res":[{"image_url":"http://120.25.199.214:3001/images/1523895285649.jpg","create_time":"2018-04-18T16:03:08.000Z"},{"image_url":"http://120.25.199.214:3001/images/1523895285649.jpg","create_time":"2018-04-16T16:36:35.000Z"},{"image_url":"http://120.25.199.214:3001/images/1523895285649.jpg","create_time":"2018-04-16T16:36:01.000Z"},{"image_url":"http://120.25.199.214:3001/images/1523895285649.jpg","create_time":"2018-04-16T16:35:48.000Z"},{"image_url":"http://120.25.199.214:3001/images/1523895285649.jpg","create_time":"2018-04-16T16:35:25.000Z"}]}
*************** response log end ***************

[2018-06-09 17:59:14.067] [INFO] resLogger - 
*************** response log start ***************
request method: POST
request originalUrl:  /user/getDeviceImage
request client ip:  ::ffff:101.75.128.167
request body: 
{"device_id":"1","page_size":"5","page_num":"2"}
response time: 32
response status: 200
response body: 
{"err_code":0,"msg":"success","res":[{"image_url":"http://120.25.199.214:3001/images/1523895285649.jpg","create_time":"2018-04-16T16:29:39.000Z"},{"image_url":"http://120.25.199.214:3001/images/1523895285649.jpg","create_time":"2018-04-16T16:27:02.000Z"},{"image_url":"http://120.25.199.214:3001/images/1515917257562.jpg","create_time":"2018-04-16T08:23:20.000Z"}]}
*************** response log end ***************

[2018-06-09 18:04:22.027] [INFO] resLogger - 
*************** response log start ***************
request method: POST
request originalUrl:  /user/getDeviceInfo
request client ip:  ::ffff:101.75.128.167
request body: 
{"device_id":"1"}
response time: 33
response status: 200
response body: 
{"err_code":0,"msg":"success","res":{"31":31,"32":32,"33":33,"34":34,"35":35,"electricity":98,"lock_state":1,"knock_state":1,"poke_state":1,"create_time":"2018-04-19T14:11:22.000Z"}}
*************** response log end ***************

[2018-06-09 18:05:35.578] [INFO] resLogger - 
*************** response log start ***************
request method: POST
request originalUrl:  /user/postCommand
request client ip:  ::ffff:101.75.128.167
request body: 
{"device_id":"1","type":"2","content":""}
response time: 45
response status: 200
response body: 
{"err_code":404,"msg":"Not Found"}
*************** response log end ***************

[2018-06-09 18:50:09.246] [INFO] resLogger - 
*************** response log start ***************
request method: POST
request originalUrl:  /user/getDeviceInfo
request client ip:  ::ffff:101.75.128.167
request body: 
{"device_id":"1"}
response time: 35
response status: 200
response body: 
{"err_code":0,"msg":"success","res":{"31":31,"32":32,"33":33,"34":34,"35":35,"electricity":98,"lock_state":1,"knock_state":1,"poke_state":1,"create_time":"2018-04-19T14:11:22.000Z"}}
*************** response log end ***************

[2018-06-09 18:55:40.337] [INFO] resLogger - 
*************** response log start ***************
request method: POST
request originalUrl:  /device/postUserMsg
request client ip:  ::ffff:101.28.124.19
request body: 
{"device_id":"1","content":""}
response time: 56
response status: 200
response body: 
{"err_code":0,"msg":"success"}
*************** response log end ***************

[2018-06-09 19:07:38.547] [INFO] resLogger - 
*************** response log start ***************
request method: POST
request originalUrl:  /device/postUserMsg
request client ip:  ::ffff:101.28.124.19
request body: 
{"device_id":"1","content":""}
response time: 110
response status: 200
response body: 
{"err_code":0,"msg":"success"}
*************** response log end ***************

[2018-06-09 19:08:51.037] [INFO] resLogger - 
*************** response log start ***************
request method: POST
request originalUrl:  /device/postUserMsg
request client ip:  ::ffff:101.28.124.19
request body: 
{"device_id":"1","content":""}
response time: 60
response status: 200
response body: 
{"err_code":0,"msg":"success"}
*************** response log end ***************

[2018-06-09 19:29:09.629] [INFO] resLogger - 
*************** response log start ***************
request method: POST
request originalUrl:  /device/postUserMsg
request client ip:  ::ffff:101.75.128.167
request body: 
{"device_id":"1","content":""}
response time: 58
response status: 200
response body: 
{"err_code":0,"msg":"success"}
*************** response log end ***************

[2018-06-09 19:34:48.569] [INFO] resLogger - 
*************** response log start ***************
request method: POST
request originalUrl:  /device/postUserMsg
request client ip:  ::ffff:101.28.124.19
request body: 
{"device_id":"1","content":""}
response time: 69
response status: 200
response body: 
{"err_code":0,"msg":"success"}
*************** response log end ***************

[2018-06-09 19:36:08.913] [INFO] resLogger - 
*************** response log start ***************
request method: POST
request originalUrl:  /device/postUserMsg
request client ip:  ::ffff:101.28.124.19
request body: 
{"device_id":"1","content":""}
response time: 56
response status: 200
response body: 
{"err_code":0,"msg":"success"}
*************** response log end ***************

[2018-06-09 19:37:38.364] [INFO] resLogger - 
*************** response log start ***************
request method: POST
request originalUrl:  /device/postUserMsg
request client ip:  ::ffff:101.28.124.19
request body: 
{"device_id":"1","content":""}
response time: 56
response status: 200
response body: 
{"err_code":0,"msg":"success"}
*************** response log end ***************

[2018-06-09 19:42:08.429] [INFO] resLogger - 
*************** response log start ***************
request method: POST
request originalUrl:  /device/postUserMsg
request client ip:  ::ffff:101.28.124.19
request body: 
{"device_id":"1","content":""}
response time: 58
response status: 200
response body: 
{"err_code":0,"msg":"success"}
*************** response log end ***************

[2018-06-09 19:58:16.187] [INFO] resLogger - 
*************** response log start ***************
request method: GET
request originalUrl:  /device/insertDeviceInfo
request client ip:  ::ffff:121.22.24.10
request query:  {}
response time: 7
response status: 200
response body: 
{"err_code":404,"msg":"Not Found"}
*************** response log end ***************

[2018-06-09 20:02:02.509] [INFO] resLogger - 
*************** response log start ***************
request method: POST
request originalUrl:  /device/insertDeviceImage
request client ip:  ::ffff:121.22.24.10
request body: 
{"device_id":"1","image_url":"http://120.25.199.214:3001/images/1523895285649.jpg"}
response time: 37
response status: 200
response body: 
{"err_code":0,"msg":"success"}
*************** response log end ***************

[2018-06-09 20:09:28.896] [INFO] resLogger - 
*************** response log start ***************
request method: POST
request originalUrl:  /user/getDeviceInfo
request client ip:  ::ffff:110.255.45.202
request body: 
{"device_id":"1"}
response time: 32
response status: 200
response body: 
{"err_code":0,"msg":"success","res":{"31":31,"32":32,"33":33,"34":34,"35":35,"electricity":null,"lock_state":null,"knock_state":null,"poke_state":null,"create_time":"2018-06-09T11:42:08.000Z"}}
*************** response log end ***************

[2018-06-09 20:09:38.214] [INFO] resLogger - 
*************** response log start ***************
request method: POST
request originalUrl:  /user/postCommand
request client ip:  ::ffff:110.255.45.202
request body: 
{"device_id":"1","type":"1","content":"1"}
response time: 47
response status: 200
response body: 
{"err_code":404,"msg":"Not Found"}
*************** response log end ***************

[2018-06-09 20:09:44.425] [INFO] resLogger - 
*************** response log start ***************
request method: POST
request originalUrl:  /user/getDeviceImage
request client ip:  ::ffff:110.255.45.202
request body: 
{"device_id":"1","page_size":"5","page_num":"1"}
response time: 33
response status: 200
response body: 
{"err_code":0,"msg":"success","res":[{"image_url":"http://120.25.199.214:3001/images/1523895285649.jpg","create_time":"2018-06-09T12:02:02.000Z"},{"image_url":"http://120.25.199.214:3001/images/1523895285649.jpg","create_time":"2018-04-18T16:03:08.000Z"},{"image_url":"http://120.25.199.214:3001/images/1523895285649.jpg","create_time":"2018-04-16T16:36:35.000Z"},{"image_url":"http://120.25.199.214:3001/images/1523895285649.jpg","create_time":"2018-04-16T16:36:01.000Z"},{"image_url":"http://120.25.199.214:3001/images/1523895285649.jpg","create_time":"2018-04-16T16:35:48.000Z"}]}
*************** response log end ***************

[2018-06-09 20:10:11.536] [INFO] resLogger - 
*************** response log start ***************
request method: POST
request originalUrl:  /user/getDeviceInfo
request client ip:  ::ffff:110.255.45.202
request body: 
{"device_id":"1"}
response time: 40
response status: 200
response body: 
{"err_code":0,"msg":"success","res":{"31":31,"32":32,"33":33,"34":34,"35":35,"electricity":null,"lock_state":null,"knock_state":null,"poke_state":null,"create_time":"2018-06-09T11:42:08.000Z"}}
*************** response log end ***************

[2018-06-09 20:10:22.826] [INFO] resLogger - 
*************** response log start ***************
request method: POST
request originalUrl:  /user/getDeviceImage
request client ip:  ::ffff:110.255.45.202
request body: 
{"device_id":"1","page_size":"5","page_num":"1"}
response time: 39
response status: 200
response body: 
{"err_code":0,"msg":"success","res":[{"image_url":"http://120.25.199.214:3001/images/1523895285649.jpg","create_time":"2018-06-09T12:02:02.000Z"},{"image_url":"http://120.25.199.214:3001/images/1523895285649.jpg","create_time":"2018-04-18T16:03:08.000Z"},{"image_url":"http://120.25.199.214:3001/images/1523895285649.jpg","create_time":"2018-04-16T16:36:35.000Z"},{"image_url":"http://120.25.199.214:3001/images/1523895285649.jpg","create_time":"2018-04-16T16:36:01.000Z"},{"image_url":"http://120.25.199.214:3001/images/1523895285649.jpg","create_time":"2018-04-16T16:35:48.000Z"}]}
*************** response log end ***************

[2018-06-09 20:11:31.599] [INFO] resLogger - 
*************** response log start ***************
request method: POST
request originalUrl:  /device/postUserMsg
request client ip:  ::ffff:101.28.124.19
request body: 
{"device_id":"1","content":""}
response time: 50
response status: 200
response body: 
{"err_code":0,"msg":"success"}
*************** response log end ***************

[2018-06-09 20:12:42.981] [INFO] resLogger - 
*************** response log start ***************
request method: POST
request originalUrl:  /device/insertDeviceInfo
request client ip:  ::ffff:121.22.24.10
request body: 
{"device_id":"1"}
response time: 33
response status: 200
response body: 
{"err_code":0,"msg":"success"}
*************** response log end ***************

[2018-06-09 20:14:59.040] [INFO] resLogger - 
*************** response log start ***************
request method: POST
request originalUrl:  /device/insertDeviceInfo
request client ip:  ::ffff:121.22.24.10
request body: 
{"device_id":"1","electricity":"100"}
response time: 38
response status: 200
response body: 
{"err_code":0,"msg":"success"}
*************** response log end ***************

[2018-06-09 20:20:32.272] [INFO] resLogger - 
*************** response log start ***************
request method: POST
request originalUrl:  /device/postUserMsg
request client ip:  ::ffff:101.28.124.19
request body: 
{"device_id":"1","content":""}
response time: 127
response status: 200
response body: 
{"err_code":0,"msg":"success"}
*************** response log end ***************

[2018-06-09 20:23:24.660] [INFO] resLogger - 
*************** response log start ***************
request method: POST
request originalUrl:  /device/postUserMsg
request client ip:  ::ffff:101.28.124.19
request body: 
{"device_id":"1","content":""}
response time: 57
response status: 200
response body: 
{"err_code":0,"msg":"success"}
*************** response log end ***************

[2018-06-09 20:23:38.041] [INFO] resLogger - 
*************** response log start ***************
request method: POST
request originalUrl:  /device/postUserMsg
request client ip:  ::ffff:101.28.124.19
request body: 
{"device_id":"1","content":""}
response time: 73
response status: 200
response body: 
{"err_code":0,"msg":"success"}
*************** response log end ***************

[2018-06-09 20:24:35.614] [INFO] resLogger - 
*************** response log start ***************
request method: POST
request originalUrl:  /user/postCommand
request client ip:  ::ffff:110.255.45.202
request body: 
{"device_id":"1","type":"3","content":"57"}
response time: 49
response status: 200
response body: 
{"err_code":404,"msg":"Not Found"}
*************** response log end ***************

[2018-06-09 20:24:37.453] [INFO] resLogger - 
*************** response log start ***************
request method: POST
request originalUrl:  /device/postUserMsg
request client ip:  ::ffff:101.28.124.19
request body: 
{"device_id":"1","content":""}
response time: 84
response status: 200
response body: 
{"err_code":0,"msg":"success"}
*************** response log end ***************

[2018-06-09 20:24:44.851] [INFO] resLogger - 
*************** response log start ***************
request method: POST
request originalUrl:  /user/postCommand
request client ip:  ::ffff:110.255.45.202
request body: 
{"device_id":"1","type":"3","content":"28"}
response time: 63
response status: 200
response body: 
{"err_code":404,"msg":"Not Found"}
*************** response log end ***************

[2018-06-09 20:24:44.878] [INFO] resLogger - 
*************** response log start ***************
request method: POST
request originalUrl:  /user/postCommand
request client ip:  ::ffff:110.255.45.202
request body: 
{"device_id":"1","type":"3","content":"28"}
response time: 79
response status: 200
response body: 
{"err_code":404,"msg":"Not Found"}
*************** response log end ***************

[2018-06-09 20:24:51.455] [INFO] resLogger - 
*************** response log start ***************
request method: POST
request originalUrl:  /user/getDeviceInfo
request client ip:  ::ffff:110.255.45.202
request body: 
{"device_id":"1"}
response time: 34
response status: 200
response body: 
{"err_code":0,"msg":"success","res":{"31":31,"32":32,"33":33,"34":34,"35":35,"electricity":null,"lock_state":null,"knock_state":null,"poke_state":null,"create_time":"2018-06-09T12:24:37.000Z"}}
*************** response log end ***************

[2018-06-09 20:30:14.564] [INFO] resLogger - 
*************** response log start ***************
request method: POST
request originalUrl:  /device/postUserMsg
request client ip:  ::ffff:101.28.124.19
request body: 
{"device_id":"1","content":""}
response time: 55
response status: 200
response body: 
{"err_code":0,"msg":"success"}
*************** response log end ***************

[2018-06-09 20:33:24.031] [INFO] resLogger - 
*************** response log start ***************
request method: POST
request originalUrl:  /device/postUserMsg
request client ip:  ::ffff:101.28.124.19
request body: 
{"device_id":"1","content":""}
response time: 54
response status: 200
response body: 
{"err_code":0,"msg":"success"}
*************** response log end ***************

[2018-06-09 20:37:52.817] [INFO] resLogger - 
*************** response log start ***************
request method: POST
request originalUrl:  /device/postUserMsg
request client ip:  ::ffff:101.28.124.19
request body: 
{"device_id":"1","content":""}
response time: 51
response status: 200
response body: 
{"err_code":0,"msg":"success"}
*************** response log end ***************

